<?xml version="1.0" encoding="UTF-8"?>
<testng-results ignored="0" total="7" passed="6" failed="1" skipped="0">
  <reporter-output>
  </reporter-output>
  <suite started-at="2024-03-29T06:18:10 IST" name="Opencart App Test Regression Suite" finished-at="2024-03-29T06:18:35 IST" duration-ms="25306">
    <groups>
    </groups>
    <test started-at="2024-03-29T06:18:10 IST" name="Login Page Test" finished-at="2024-03-29T06:18:27 IST" duration-ms="17344">
      <class name="org.qa.opencart.tests.LoginTest">
        <test-method is-config="true" signature="setup(java.lang.String)[pri:0, instance:org.qa.opencart.tests.LoginTest@5bf22f18]" started-at="2024-03-29T06:18:10 IST" name="setup" finished-at="2024-03-29T06:18:19 IST" duration-ms="9319" status="PASS">
          <params>
            <param index="0">
              <value>
                <![CDATA[edge]]>
              </value>
            </param>
          </params>
          <reporter-output>
          </reporter-output>
        </test-method> <!-- setup -->
        <test-method signature="loginPageTitleTest()[pri:0, instance:org.qa.opencart.tests.LoginTest@5bf22f18]" started-at="2024-03-29T06:18:19 IST" name="loginPageTitleTest" finished-at="2024-03-29T06:18:19 IST" duration-ms="60" status="PASS">
          <reporter-output>
          </reporter-output>
        </test-method> <!-- loginPageTitleTest -->
        <test-method signature="loginPageUrlTest()[pri:1, instance:org.qa.opencart.tests.LoginTest@5bf22f18]" started-at="2024-03-29T06:18:19 IST" name="loginPageUrlTest" finished-at="2024-03-29T06:18:19 IST" duration-ms="24" status="PASS">
          <reporter-output>
          </reporter-output>
        </test-method> <!-- loginPageUrlTest -->
        <test-method signature="getloginTestExcelData(java.lang.String,java.lang.String)[pri:2, instance:org.qa.opencart.tests.LoginTest@5bf22f18]" started-at="2024-03-29T06:18:20 IST" name="getloginTestExcelData" data-provider="getLoginTestExcelData" finished-at="2024-03-29T06:18:26 IST" duration-ms="5963" status="PASS">
          <params>
            <param index="0">
              <value>
                <![CDATA[FebBatch2024@opencart.com]]>
              </value>
            </param>
            <param index="1">
              <value>
                <![CDATA[123456]]>
              </value>
            </param>
          </params>
          <reporter-output>
          </reporter-output>
        </test-method> <!-- getloginTestExcelData -->
        <test-method is-config="true" signature="tearDown()[pri:0, instance:org.qa.opencart.tests.LoginTest@5bf22f18]" started-at="2024-03-29T06:18:26 IST" name="tearDown" finished-at="2024-03-29T06:18:27 IST" duration-ms="586" status="PASS">
          <reporter-output>
          </reporter-output>
        </test-method> <!-- tearDown -->
      </class> <!-- org.qa.opencart.tests.LoginTest -->
    </test> <!-- Login Page Test -->
    <test started-at="2024-03-29T06:18:28 IST" name="Account Page Test" finished-at="2024-03-29T06:18:35 IST" duration-ms="7184">
      <class name="org.qa.opencart.tests.AccountPageTest">
        <test-method is-config="true" signature="setup(java.lang.String)[pri:0, instance:org.qa.opencart.tests.AccountPageTest@2f058b8a]" started-at="2024-03-29T06:18:28 IST" name="setup" finished-at="2024-03-29T06:18:33 IST" duration-ms="5473" status="PASS">
          <params>
            <param index="0">
              <value>
                <![CDATA[edge]]>
              </value>
            </param>
          </params>
          <reporter-output>
          </reporter-output>
        </test-method> <!-- setup -->
        <test-method is-config="true" signature="accPageSetup()[pri:0, instance:org.qa.opencart.tests.AccountPageTest@2f058b8a]" started-at="2024-03-29T06:18:33 IST" name="accPageSetup" finished-at="2024-03-29T06:18:34 IST" duration-ms="941" status="PASS">
          <reporter-output>
          </reporter-output>
        </test-method> <!-- accPageSetup -->
        <test-method signature="accounPageTitleTest()[pri:0, instance:org.qa.opencart.tests.AccountPageTest@2f058b8a]" started-at="2024-03-29T06:18:34 IST" name="accounPageTitleTest" finished-at="2024-03-29T06:18:34 IST" duration-ms="40" status="PASS">
          <reporter-output>
          </reporter-output>
        </test-method> <!-- accounPageTitleTest -->
        <test-method signature="accounPageUrlTest()[pri:0, instance:org.qa.opencart.tests.AccountPageTest@2f058b8a]" started-at="2024-03-29T06:18:34 IST" name="accounPageUrlTest" finished-at="2024-03-29T06:18:34 IST" duration-ms="42" status="FAIL">
          <exception class="java.lang.AssertionError">
            <message>
              <![CDATA[expected [true] but found [false]]]>
            </message>
            <full-stacktrace>
              <![CDATA[java.lang.AssertionError: expected [true] but found [false]
at org.testng.Assert.fail(Assert.java:111)
at org.testng.Assert.failNotEquals(Assert.java:1578)
at org.testng.Assert.assertTrue(Assert.java:57)
at org.testng.Assert.assertTrue(Assert.java:67)
at org.qa.opencart.tests.AccountPageTest.accounPageUrlTest(AccountPageTest.java:24)
at java.base/jdk.internal.reflect.NativeMethodAccessorImpl.invoke0(Native Method)
at java.base/jdk.internal.reflect.NativeMethodAccessorImpl.invoke(NativeMethodAccessorImpl.java:62)
at java.base/jdk.internal.reflect.DelegatingMethodAccessorImpl.invoke(DelegatingMethodAccessorImpl.java:43)
at java.base/java.lang.reflect.Method.invoke(Method.java:566)
at org.testng.internal.invokers.MethodInvocationHelper.invokeMethod(MethodInvocationHelper.java:139)
at org.testng.internal.invokers.TestInvoker.invokeMethod(TestInvoker.java:664)
at org.testng.internal.invokers.TestInvoker.invokeTestMethod(TestInvoker.java:228)
at org.testng.internal.invokers.MethodRunner.runInSequence(MethodRunner.java:63)
at org.testng.internal.invokers.TestInvoker$MethodInvocationAgent.invoke(TestInvoker.java:961)
at org.testng.internal.invokers.TestInvoker.invokeTestMethods(TestInvoker.java:201)
at org.testng.internal.invokers.TestMethodWorker.invokeTestMethods(TestMethodWorker.java:148)
at org.testng.internal.invokers.TestMethodWorker.run(TestMethodWorker.java:128)
at java.base/java.util.ArrayList.forEach(ArrayList.java:1541)
at org.testng.TestRunner.privateRun(TestRunner.java:819)
at org.testng.TestRunner.run(TestRunner.java:619)
at org.testng.SuiteRunner.runTest(SuiteRunner.java:443)
at org.testng.SuiteRunner.runSequentially(SuiteRunner.java:437)
at org.testng.SuiteRunner.privateRun(SuiteRunner.java:397)
at org.testng.SuiteRunner.run(SuiteRunner.java:336)
at org.testng.SuiteRunnerWorker.runSuite(SuiteRunnerWorker.java:52)
at org.testng.SuiteRunnerWorker.run(SuiteRunnerWorker.java:95)
at org.testng.TestNG.runSuitesSequentially(TestNG.java:1301)
at org.testng.TestNG.runSuitesLocally(TestNG.java:1228)
at org.testng.TestNG.runSuites(TestNG.java:1134)
at org.testng.TestNG.run(TestNG.java:1101)
at org.testng.remote.AbstractRemoteTestNG.run(AbstractRemoteTestNG.java:115)
at org.testng.remote.RemoteTestNG.initAndRun(RemoteTestNG.java:251)
at org.testng.remote.RemoteTestNG.main(RemoteTestNG.java:77)
]]>
            </full-stacktrace>
          </exception> <!-- java.lang.AssertionError -->
          <reporter-output>
          </reporter-output>
        </test-method> <!-- accounPageUrlTest -->
        <test-method signature="logoutbtnExistanceTest()[pri:0, instance:org.qa.opencart.tests.AccountPageTest@2f058b8a]" started-at="2024-03-29T06:18:35 IST" name="logoutbtnExistanceTest" finished-at="2024-03-29T06:18:35 IST" duration-ms="61" status="PASS">
          <reporter-output>
          </reporter-output>
        </test-method> <!-- logoutbtnExistanceTest -->
        <test-method signature="myAccountHeaderExistanceTest()[pri:0, instance:org.qa.opencart.tests.AccountPageTest@2f058b8a]" started-at="2024-03-29T06:18:35 IST" name="myAccountHeaderExistanceTest" finished-at="2024-03-29T06:18:35 IST" duration-ms="33" status="PASS">
          <reporter-output>
          </reporter-output>
        </test-method> <!-- myAccountHeaderExistanceTest -->
        <test-method is-config="true" signature="tearDown()[pri:0, instance:org.qa.opencart.tests.AccountPageTest@2f058b8a]" started-at="2024-03-29T06:18:35 IST" name="tearDown" finished-at="2024-03-29T06:18:35 IST" duration-ms="354" status="PASS">
          <reporter-output>
          </reporter-output>
        </test-method> <!-- tearDown -->
      </class> <!-- org.qa.opencart.tests.AccountPageTest -->
    </test> <!-- Account Page Test -->
  </suite> <!-- Opencart App Test Regression Suite -->
</testng-results>
